0 info it worked if it ends with ok
1 verbose cli [ 'node', '/usr/local/bin/npm', 'remove', 'gulp-less' ]
2 info using npm@1.4.28
3 info using node@v0.10.33
4 verbose node_modules/gulp-less unbuild
5 info preuninstall gulp-less@2.0.1
6 info uninstall gulp-less@2.0.1
7 verbose true,/Users/LuisLuna/Documents/github/beeusoft/node_modules,/Users/LuisLuna/Documents/github/beeusoft/node_modules unbuild gulp-less@2.0.1
8 info postuninstall gulp-less@2.0.1
9 error Error: EACCES, unlink '/Users/LuisLuna/Documents/github/beeusoft/node_modules/gulp-less/node_modules/.bin/lessc'
9 error  { [Error: EACCES, unlink '/Users/LuisLuna/Documents/github/beeusoft/node_modules/gulp-less/node_modules/.bin/lessc']
9 error   errno: 3,
9 error   code: 'EACCES',
9 error   path: '/Users/LuisLuna/Documents/github/beeusoft/node_modules/gulp-less/node_modules/.bin/lessc' }
10 error Please try running this command again as root/Administrator.
11 error System Darwin 14.0.0
12 error command "node" "/usr/local/bin/npm" "remove" "gulp-less"
13 error cwd /Users/LuisLuna/Documents/github/beeusoft
14 error node -v v0.10.33
15 error npm -v 1.4.28
16 error path /Users/LuisLuna/Documents/github/beeusoft/node_modules/gulp-less/node_modules/.bin/lessc
17 error code EACCES
18 error errno 3
19 error stack Error: EACCES, unlink '/Users/LuisLuna/Documents/github/beeusoft/node_modules/gulp-less/node_modules/.bin/lessc'
20 verbose exit [ 3, true ]
